0 info it worked if it ends with ok
1 verbose cli [ '/usr/local/Cellar/node5/5.11.1/bin/node',
1 verbose cli   '/usr/local/bin/npm',
1 verbose cli   'run',
1 verbose cli   'test-single-run' ]
2 info using npm@3.9.6
3 info using node@v5.11.1
4 verbose run-script [ 'pretest-single-run',
4 verbose run-script   'test-single-run',
4 verbose run-script   'posttest-single-run' ]
5 info lifecycle resumela@0.1.0~pretest-single-run: resumela@0.1.0
6 silly lifecycle resumela@0.1.0~pretest-single-run: no script for pretest-single-run, continuing
7 info lifecycle resumela@0.1.0~test-single-run: resumela@0.1.0
8 verbose lifecycle resumela@0.1.0~test-single-run: unsafe-perm in lifecycle true
9 verbose lifecycle resumela@0.1.0~test-single-run: PATH: /usr/local/lib/node_modules/npm/bin/node-gyp-bin:/Users/tai/opensource/resumela/node_modules/.bin:/usr/local/Cellar/node5/5.11.1/bin:/usr/local/bin:/usr/bin:/bin:/usr/sbin:/sbin:/usr/local/bin:/opt/X11/bin
10 verbose lifecycle resumela@0.1.0~test-single-run: CWD: /Users/tai/opensource/resumela
11 silly lifecycle resumela@0.1.0~test-single-run: Args: [ '-c', 'karma start karma.conf.js --single-run' ]
12 silly lifecycle resumela@0.1.0~test-single-run: Returned: code: 1  signal: null
13 info lifecycle resumela@0.1.0~test-single-run: Failed to exec test-single-run script
14 verbose stack Error: resumela@0.1.0 test-single-run: `karma start karma.conf.js --single-run`
14 verbose stack Exit status 1
14 verbose stack     at EventEmitter.<anonymous> (/usr/local/lib/node_modules/npm/lib/utils/lifecycle.js:245:16)
14 verbose stack     at emitTwo (events.js:100:13)
14 verbose stack     at EventEmitter.emit (events.js:185:7)
14 verbose stack     at ChildProcess.<anonymous> (/usr/local/lib/node_modules/npm/lib/utils/spawn.js:24:14)
14 verbose stack     at emitTwo (events.js:100:13)
14 verbose stack     at ChildProcess.emit (events.js:185:7)
14 verbose stack     at maybeClose (internal/child_process.js:850:16)
14 verbose stack     at Process.ChildProcess._handle.onexit (internal/child_process.js:215:5)
15 verbose pkgid resumela@0.1.0
16 verbose cwd /Users/tai/opensource/resumela
17 error Darwin 15.5.0
18 error argv "/usr/local/Cellar/node5/5.11.1/bin/node" "/usr/local/bin/npm" "run" "test-single-run"
19 error node v5.11.1
20 error npm  v3.9.6
21 error code ELIFECYCLE
22 error resumela@0.1.0 test-single-run: `karma start karma.conf.js --single-run`
22 error Exit status 1
23 error Failed at the resumela@0.1.0 test-single-run script 'karma start karma.conf.js --single-run'.
23 error Make sure you have the latest version of node.js and npm installed.
23 error If you do, this is most likely a problem with the resumela package,
23 error not with npm itself.
23 error Tell the author that this fails on your system:
23 error     karma start karma.conf.js --single-run
23 error You can get information on how to open an issue for this project with:
23 error     npm bugs resumela
23 error Or if that isn't available, you can get their info via:
23 error     npm owner ls resumela
23 error There is likely additional logging output above.
24 verbose exit [ 1, true ]
